INFO Priority = INFO: Date = 2021-05-29 20:22:51,526: File name = Main.java: Line = 43: Start Aplikacji 
INFO Priority = INFO: Date = 2021-05-29 20:23:40,120: File name = Main.java: Line = 1209: Obliczono sume wszystkich elementów = 0.0 
INFO Priority = INFO: Date = 2021-05-29 20:23:55,691: File name = Main.java: Line = 1123: Dodano 56 do rzędu: 2 do kolumny 3 
INFO Priority = INFO: Date = 2021-05-29 20:24:02,694: File name = Main.java: Line = 1159: Podano bLędną wartość do tabeli nie będącą liczbą! 
INFO Priority = INFO: Date = 2021-05-29 20:24:02,694: File name = Main.java: Line = 1162: Podano bLędną wartość do tabeli nie będącą liczbą! 
INFO Priority = INFO: Date = 2021-05-29 20:24:06,200: File name = Main.java: Line = 1159: Podano bLędną wartość do tabeli nie będącą liczbą! 
INFO Priority = INFO: Date = 2021-05-29 20:24:06,200: File name = Main.java: Line = 1162: Podano bLędną wartość do tabeli nie będącą liczbą! 
INFO Priority = INFO: Date = 2021-05-29 20:24:10,047: File name = Main.java: Line = 1123: Dodano 101 do rzędu: 2 do kolumny 3 
INFO Priority = INFO: Date = 2021-05-29 20:24:15,447: File name = Main.java: Line = 893: Wyzerowano table 
INFO Priority = INFO: Date = 2021-05-29 20:24:17,164: File name = Main.java: Line = 1123: Dodano 101 do rzędu: 2 do kolumny 3 
INFO Priority = INFO: Date = 2021-05-29 20:24:22,146: File name = Main.java: Line = 1123: Dodano 101 do rzędu: 2 do kolumny 5 
INFO Priority = INFO: Date = 2021-05-29 20:24:31,008: File name = Main.java: Line = 849: Tablica wypeLniona warotścią: 2 
INFO Priority = INFO: Date = 2021-05-29 20:24:42,891: File name = Main.java: Line = 1123: Dodano 23 do rzędu: 4 do kolumny 2 
INFO Priority = INFO: Date = 2021-05-29 20:25:09,068: File name = Main.java: Line = 1231: Zapisano tabele do pliku table.txt 
INFO Priority = INFO: Date = 2021-06-09 13:34:24,213: File name = Main.java: Line = 43: Start Aplikacji 
INFO Priority = INFO: Date = 2021-06-09 13:34:31,167: File name = Main.java: Line = 995: Zmieniono datę: 2021-06-18 
INFO Priority = INFO: Date = 2021-06-09 13:34:31,169: File name = Main.java: Line = 995: Zmieniono datę: 2021-06-18 
INFO Priority = INFO: Date = 2021-06-09 13:34:32,413: File name = Main.java: Line = 995: Zmieniono datę: 2021-06-04 
INFO Priority = INFO: Date = 2021-06-09 13:34:33,939: File name = Main.java: Line = 995: Zmieniono datę: 2021-06-15 
INFO Priority = INFO: Date = 2021-06-09 13:34:36,151: File name = Main.java: Line = 1209: Obliczono sume wszystkich elementów = 0.0 
INFO Priority = INFO: Date = 2021-06-09 13:34:36,584: File name = Main.java: Line = 1188: Obliczono srednia = 0.0 
INFO Priority = INFO: Date = 2021-06-09 13:34:38,336: File name = Main.java: Line = 1231: Zapisano tabele do pliku table.txt 
INFO Priority = INFO: Date = 2021-06-09 13:34:46,563: File name = Main.java: Line = 524: Schowano Pasek Narzędzi 
INFO Priority = INFO: Date = 2021-06-09 13:34:47,199: File name = Main.java: Line = 534: Odkryto Pasek Narzędzi 
INFO Priority = INFO: Date = 2021-06-09 13:34:48,109: File name = Main.java: Line = 557: Schowano Pasek Statusu 
INFO Priority = INFO: Date = 2021-06-09 13:34:48,929: File name = Main.java: Line = 594: Schowano Pasek Statusu 
INFO Priority = INFO: Date = 2021-06-09 13:34:49,657: File name = Main.java: Line = 524: Schowano Pasek Narzędzi 
INFO Priority = INFO: Date = 2021-06-09 13:34:50,252: File name = Main.java: Line = 534: Odkryto Pasek Narzędzi 
INFO Priority = INFO: Date = 2021-06-09 13:34:51,082: File name = Main.java: Line = 569: Odkryto Pasek Statusu 
INFO Priority = INFO: Date = 2021-06-09 13:34:51,885: File name = Main.java: Line = 605: Odkryto Pasek Statusu 
INFO Priority = INFO: Date = 2021-06-09 13:34:53,973: File name = Main.java: Line = 1123: Dodano 213 do rzędu: 1 do kolumny 1 
INFO Priority = INFO: Date = 2021-06-09 13:34:57,009: File name = Main.java: Line = 1159: Podano bLędną wartość do tabeli nie będącą liczbą! 
INFO Priority = INFO: Date = 2021-06-09 13:34:57,010: File name = Main.java: Line = 1162: Podano bLędną wartość do tabeli nie będącą liczbą! 
INFO Priority = INFO: Date = 2021-06-09 13:35:00,301: File name = Main.java: Line = 1123: Dodano 23 do rzędu: 1 do kolumny 1 
INFO Priority = INFO: Date = 2021-06-10 03:26:49,806: File name = Main.java: Line = 43: Start Aplikacji 
INFO Priority = INFO: Date = 2021-06-10 03:32:25,560: File name = Main.java: Line = 43: Start Aplikacji 
INFO Priority = INFO: Date = 2021-06-10 03:32:46,047: File name = Main.java: Line = 43: Start Aplikacji 
INFO Priority = INFO: Date = 2021-06-10 03:35:39,028: File name = Main.java: Line = 43: Start Aplikacji 
INFO Priority = INFO: Date = 2021-06-21 14:53:29,245: File name = Main.java: Line = 43: Start Aplikacji 
INFO Priority = INFO: Date = 2021-06-21 14:53:37,506: File name = Main.java: Line = 1123: Dodano 2 do rzędu: 1 do kolumny 1 
INFO Priority = INFO: Date = 2021-06-21 14:53:39,983: File name = Main.java: Line = 1123: Dodano 2 do rzędu: 2 do kolumny 1 
INFO Priority = INFO: Date = 2021-06-21 14:53:42,601: File name = Main.java: Line = 1123: Dodano 2 do rzędu: 2 do kolumny 2 
INFO Priority = INFO: Date = 2021-06-21 14:53:51,605: File name = Main.java: Line = 849: Tablica wypeLniona warotścią: 2 
INFO Priority = INFO: Date = 2021-06-21 14:53:53,479: File name = Main.java: Line = 860: Wpisano wartość do tablicy nie bedaca liczba! 
INFO Priority = INFO: Date = 2021-06-21 14:54:02,554: File name = Main.java: Line = 1159: Podano bLędną wartość do tabeli nie będącą liczbą! 
INFO Priority = INFO: Date = 2021-06-21 14:54:02,554: File name = Main.java: Line = 1162: Podano bLędną wartość do tabeli nie będącą liczbą! 
INFO Priority = INFO: Date = 2021-06-21 14:54:04,743: File name = Main.java: Line = 860: Wpisano wartość do tablicy nie bedaca liczba! 
